Arguments: 
  D:\Softwares\node-v4.8.2-win-x64\node.exe D:\Softwares\node-v4.8.2-win-x64\node_modules\yarn\bin\yarn.js add winston

PATH: 
  P:\bin;C:\Program Files\Git\mingw64\bin;C:\Program Files\Git\usr\local\bin;C:\Program Files\Git\usr\bin;C:\Program Files\Git\usr\bin;C:\Program Files\Git\mingw64\bin;C:\Program Files\Git\usr\bin;P:\bin;D:\app\aws33\product\11.2.0\dbhome_1\bin;C:\ProgramData\Oracle\Java\javapath;C:\WINDOWS\system32;C:\WINDOWS;C:\WINDOWS\System32\Wbem;C:\WINDOWS\System32\WindowsPowerShell\v1.0;C:\Program Files (x86)\Microsoft Application Virtualization Client;C:\Program Files\Java\jdk1.8.0_71\bin;D:\Softwares\apache-maven-3.3.9\bin;C:\Program Files (x86)\MySQL\MySQL Fabric 1.5 & MySQL Utilities 1.5;C:\Program Files (x86)\MySQL\MySQL Fabric 1.5 & MySQL Utilities 1.5\Doctrine extensions for PHP;C:\Program Files\TortoiseGit\bin;C:\Program Files\Git\cmd;C:\Users\WS33\.cargo\bin;C:\Program Files\MySQL\MySQL Server 5.7\bin;D:\Softwares\curl-7.53.1-win64-mingw\bin;D:\mongo\mongodb-win32-x86_64-2008plus-ssl-3.2.12-60-g6edf0f1\bin;D:\personal\No Install\go\bin;D:\Softwares\node-v4.8.2-win-x64;C:\Users\WS33\AppData\Roaming\npm;D:\Softwares\python-3.6.0-embed-amd64;C:\Users\WS33\AppData\Local\atom\bin;C:\Program Files\Git\usr\bin\vendor_perl;C:\Program Files\Git\usr\bin\core_perl

Yarn version: 
  0.22.0

Node version: 
  4.8.2

Platform: 
  win32 x64

npm manifest: 
  {
    "name": "express-couchbase-server",
    "version": "1.0.0",
    "description": "Sample Express js app",
    "main": "app.js",
    "scripts": {
      "start": "nodemon src\\app.js --exec babel-node",
      "test": "echo \"Error: no test specified\" && exit 1"
    },
    "repository": {
      "type": "git",
      "url": "git+https://github.com/VenkateshKatabathula/express-couchbase.git"
    },
    "author": "Venkatesh Katabathula",
    "license": "ISC",
    "bugs": {
      "url": "https://github.com/VenkateshKatabathula/express-couchbase/issues"
    },
    "homepage": "https://github.com/VenkateshKatabathula/express-couchbase#readme",
    "dependencies": {
      "body-parser": "^1.17.1",
      "cors": "^2.8.3",
      "couchbase": "^2.2.0",
      "express": "^4.15.2",
      "http": "0.0.0",
      "morgan": "^1.8.1",
      "multer": "^1.3.0"
    },
    "devDependencies": {
      "babel-cli": "^6.24.1",
      "babel-preset-es2015": "^6.24.1",
      "babel-cli": "^6.24.1",
      "babel-core": "^6.24.1",
      "babel-loader": "^6.4.1",
      "babel-preset-es2015": "^6.24.1",
      "babel-preset-react": "^6.24.1",
      "eslint": "^3.19.0",
      "eslint-plugin-es6-recommended": "^0.1.2",
      "react-hot-loader": "^1.3.1",
      "webpack": "^2.4.1",
      "webpack-dev-middleware": "^1.10.1",
      "webpack-hot-middleware": "^2.18.0"
    }
  }

yarn manifest: 
  No manifest

Lockfile: 
  No lockfile

Trace: 
  Error: EPERM: operation not permitted, unlink 'D:\personal\Workspace\express-couchbase-server\node_modules\couchbase\build\Release\couchbase_impl.node'
      at Error (native)
